[2017-08-20 16:04:59] Текст ошибки: Страница не найдена | Файл: D:\WebServer\domains\ishop2.loc\public\index.php | Строка: 8
=================
[2017-08-20 16:05:11] Текст ошибки: Страница не найдена | Файл: D:\WebServer\domains\ishop2.loc\public\index.php | Строка: 8
=================
[2017-08-20 16:05:16] Текст ошибки: Страница не найдена | Файл: D:\WebServer\domains\ishop2.loc\public\index.php | Строка: 8
=================
[2017-08-20 16:05:25] Текст ошибки: Страница не найдена | Файл: D:\WebServer\domains\ishop2.loc\public\index.php | Строка: 8
=================
[2017-08-20 16:05:37] Текст ошибки: Страница не найдена | Файл: D:\WebServer\domains\ishop2.loc\public\index.php | Строка: 8
=================
[2017-08-20 16:05:46] Текст ошибки: Страница не найдена | Файл: D:\WebServer\domains\ishop2.loc\public\index.php | Строка: 8
=================
[2017-08-20 16:07:33] Текст ошибки: Страница не найдена!!! | Файл: D:\WebServer\domains\ishop2.loc\public\index.php | Строка: 8
=================
[2017-08-20 16:08:53] Текст ошибки: Страница не найдена!!! | Файл: D:\WebServer\domains\ishop2.loc\public\index.php | Строка: 8
=================
[2017-08-20 16:09:00] Текст ошибки: Страница не найдена!!! | Файл: D:\WebServer\domains\ishop2.loc\public\index.php | Строка: 8
=================
[2017-08-20 16:09:04] Текст ошибки: Страница не найдена!!! | Файл: D:\WebServer\domains\ishop2.loc\public\index.php | Строка: 8
=================
[2017-08-20 16:10:32] Текст ошибки: Страница не найдена!!! | Файл: D:\WebServer\domains\ishop2.loc\public\index.php | Строка: 8
=================
[2017-08-20 16:10:37] Текст ошибки: Страница не найдена!!! | Файл: D:\WebServer\domains\ishop2.loc\public\index.php | Строка: 8
=================
[2017-08-20 16:10:48] Текст ошибки: Страница не найдена!!! | Файл: D:\WebServer\domains\ishop2.loc\public\index.php | Строка: 8
=================
[2017-08-21 10:41:17] Текст ошибки: Страница не найдена!!! | Файл: D:\WebServer\domains\ishop2.loc\public\index.php | Строка: 8
=================
[2017-08-21 10:41:17] Текст ошибки: Страница не найдена!!! | Файл: D:\WebServer\domains\ishop2.loc\public\index.php | Строка: 8
=================
[2017-08-21 10:41:17] Текст ошибки: Страница не найдена!!! | Файл: D:\WebServer\domains\ishop2.loc\public\index.php | Строка: 8
=================
[2017-08-21 10:46:30] Текст ошибки: Страница не найдена!!! | Файл: D:\WebServer\domains\ishop2.loc\public\index.php | Строка: 8
=================
[2017-08-21 11:16:05] Текст ошибки: Страница не найдена | Файл: D:\WebServer\domains\ishop2.loc\vendor\ishop\core\Router.php | Строка: 26
=================
[2017-08-21 11:16:31] Текст ошибки: Страница не найдена | Файл: D:\WebServer\domains\ishop2.loc\vendor\ishop\core\Router.php | Строка: 26
=================
[2017-08-21 11:16:34] Текст ошибки: Страница не найдена | Файл: D:\WebServer\domains\ishop2.loc\vendor\ishop\core\Router.php | Строка: 26
=================
[2017-08-21 11:30:20] Текст ошибки: Контроллер app\controllers\PageController не найден | Файл: D:\WebServer\domains\ishop2.loc\vendor\ishop\core\Router.php | Строка: 30
=================
[2017-08-21 11:32:18] Текст ошибки: Контроллер app\controllers\PageController не найден | Файл: D:\WebServer\domains\ishop2.loc\vendor\ishop\core\Router.php | Строка: 34
=================
[2017-08-21 11:32:20] Текст ошибки: Контроллер app\controllers\MainController не найден | Файл: D:\WebServer\domains\ishop2.loc\vendor\ishop\core\Router.php | Строка: 34
=================
[2017-08-21 11:32:45] Текст ошибки: Метод app\controllers\MainController::indexAction не найден | Файл: D:\WebServer\domains\ishop2.loc\vendor\ishop\core\Router.php | Строка: 31
=================
[2017-08-21 11:33:21] Текст ошибки: Контроллер app\controllers\PageController не найден | Файл: D:\WebServer\domains\ishop2.loc\vendor\ishop\core\Router.php | Строка: 34
=================
[2017-08-21 11:34:13] Текст ошибки: Страница не найдена | Файл: D:\WebServer\domains\ishop2.loc\vendor\ishop\core\Router.php | Строка: 37
=================
[2017-08-21 12:29:54] Текст ошибки: Страница не найдена | Файл: D:\WebServer\domains\ishop2.loc\vendor\ishop\core\Router.php | Строка: 37
=================
[2017-08-21 15:15:04] Текст ошибки: Страница не найдена | Файл: D:\WebServer\domains\ishop2.loc\vendor\ishop\core\Router.php | Строка: 38
=================
[2017-08-21 15:15:04] Текст ошибки: Страница не найдена | Файл: D:\WebServer\domains\ishop2.loc\vendor\ishop\core\Router.php | Строка: 38
=================
[2017-08-21 15:15:09] Текст ошибки: Страница не найдена | Файл: D:\WebServer\domains\ishop2.loc\vendor\ishop\core\Router.php | Строка: 38
=================
[2017-08-21 15:16:47] Текст ошибки: Страница не найдена | Файл: D:\WebServer\domains\ishop2.loc\vendor\ishop\core\Router.php | Строка: 38
=================
[2017-08-21 15:17:44] Текст ошибки: Страница не найдена | Файл: D:\WebServer\domains\ishop2.loc\vendor\ishop\core\Router.php | Строка: 38
=================
[2017-08-21 15:26:22] Текст ошибки: На найден вид D:\WebServer\domains\ishop2.loc/app/views/Page/view.php | Файл: D:\WebServer\domains\ishop2.loc\vendor\ishop\core\base\View.php | Строка: 38
=================
[2018-08-28 10:27:43] Текст ошибки: Страница не найдена | Файл: C:\OSPanel\domains\ishop2.loc\vendor\ishop\core\Router.php | Строка: 39
=================
[2018-08-28 10:27:43] Текст ошибки: Страница не найдена | Файл: C:\OSPanel\domains\ishop2.loc\vendor\ishop\core\Router.php | Строка: 39
=================
[2018-08-28 10:27:43] Текст ошибки: Страница не найдена | Файл: C:\OSPanel\domains\ishop2.loc\vendor\ishop\core\Router.php | Строка: 39
=================
[2018-08-28 10:27:43] Текст ошибки: Страница не найдена | Файл: C:\OSPanel\domains\ishop2.loc\vendor\ishop\core\Router.php | Строка: 39
=================
[2018-08-28 10:27:43] Текст ошибки: Страница не найдена | Файл: C:\OSPanel\domains\ishop2.loc\vendor\ishop\core\Router.php | Строка: 39
=================
[2018-08-28 10:27:43] Текст ошибки: Страница не найдена | Файл: C:\OSPanel\domains\ishop2.loc\vendor\ishop\core\Router.php | Строка: 39
=================
[2018-08-28 10:27:43] Текст ошибки: Страница не найдена | Файл: C:\OSPanel\domains\ishop2.loc\vendor\ishop\core\Router.php | Строка: 39
=================
[2018-08-28 10:27:43] Текст ошибки: Страница не найдена | Файл: C:\OSPanel\domains\ishop2.loc\vendor\ishop\core\Router.php | Строка: 39
=================
[2018-08-28 10:27:43] Текст ошибки: Страница не найдена | Файл: C:\OSPanel\domains\ishop2.loc\vendor\ishop\core\Router.php | Строка: 39
=================
[2018-08-28 10:27:43] Текст ошибки: Страница не найдена | Файл: C:\OSPanel\domains\ishop2.loc\vendor\ishop\core\Router.php | Строка: 39
=================
[2018-08-28 10:27:43] Текст ошибки: Страница не найдена | Файл: C:\OSPanel\domains\ishop2.loc\vendor\ishop\core\Router.php | Строка: 39
=================
[2018-08-28 10:27:43] Текст ошибки: Страница не найдена | Файл: C:\OSPanel\domains\ishop2.loc\vendor\ishop\core\Router.php | Строка: 39
=================
[2018-08-28 10:27:43] Текст ошибки: Страница не найдена | Файл: C:\OSPanel\domains\ishop2.loc\vendor\ishop\core\Router.php | Строка: 39
=================
[2018-08-28 10:27:43] Текст ошибки: Страница не найдена | Файл: C:\OSPanel\domains\ishop2.loc\vendor\ishop\core\Router.php | Строка: 39
=================
[2018-08-28 10:27:43] Текст ошибки: Страница не найдена | Файл: C:\OSPanel\domains\ishop2.loc\vendor\ishop\core\Router.php | Строка: 39
=================
[2018-08-28 10:27:43] Текст ошибки: Страница не найдена | Файл: C:\OSPanel\domains\ishop2.loc\vendor\ishop\core\Router.php | Строка: 39
=================
[2018-08-28 10:27:43] Текст ошибки: Страница не найдена | Файл: C:\OSPanel\domains\ishop2.loc\vendor\ishop\core\Router.php | Строка: 39
=================
[2018-08-28 10:27:43] Текст ошибки: Страница не найдена | Файл: C:\OSPanel\domains\ishop2.loc\vendor\ishop\core\Router.php | Строка: 39
=================
[2018-08-28 10:27:43] Текст ошибки: Страница не найдена | Файл: C:\OSPanel\domains\ishop2.loc\vendor\ishop\core\Router.php | Строка: 39
=================
[2018-08-28 10:27:43] Текст ошибки: Страница не найдена | Файл: C:\OSPanel\domains\ishop2.loc\vendor\ishop\core\Router.php | Строка: 39
=================
[2018-08-28 10:27:43] Текст ошибки: Страница не найдена | Файл: C:\OSPanel\domains\ishop2.loc\vendor\ishop\core\Router.php | Строка: 39
=================
[2018-08-28 10:27:43] Текст ошибки: Страница не найдена | Файл: C:\OSPanel\domains\ishop2.loc\vendor\ishop\core\Router.php | Строка: 39
=================
[2018-08-28 10:27:43] Текст ошибки: Страница не найдена | Файл: C:\OSPanel\domains\ishop2.loc\vendor\ishop\core\Router.php | Строка: 39
=================
[2018-08-28 10:27:43] Текст ошибки: Страница не найдена | Файл: C:\OSPanel\domains\ishop2.loc\vendor\ishop\core\Router.php | Строка: 39
=================
[2018-08-28 10:27:43] Текст ошибки: Страница не найдена | Файл: C:\OSPanel\domains\ishop2.loc\vendor\ishop\core\Router.php | Строка: 39
=================
[2018-08-28 10:27:43] Текст ошибки: Страница не найдена | Файл: C:\OSPanel\domains\ishop2.loc\vendor\ishop\core\Router.php | Строка: 39
=================
[2018-08-28 10:27:43] Текст ошибки: Страница не найдена | Файл: C:\OSPanel\domains\ishop2.loc\vendor\ishop\core\Router.php | Строка: 39
=================
[2018-08-28 10:27:43] Текст ошибки: Страница не найдена | Файл: C:\OSPanel\domains\ishop2.loc\vendor\ishop\core\Router.php | Строка: 39
=================
[2018-08-28 10:29:26] Текст ошибки: Страница не найдена | Файл: C:\OSPanel\domains\ishop2.loc\vendor\ishop\core\Router.php | Строка: 39
=================
[2018-08-28 10:29:26] Текст ошибки: Страница не найдена | Файл: C:\OSPanel\domains\ishop2.loc\vendor\ishop\core\Router.php | Строка: 39
=================
[2018-08-28 10:29:26] Текст ошибки: Страница не найдена | Файл: C:\OSPanel\domains\ishop2.loc\vendor\ishop\core\Router.php | Строка: 39
=================
[2018-08-28 10:29:26] Текст ошибки: Страница не найдена | Файл: C:\OSPanel\domains\ishop2.loc\vendor\ishop\core\Router.php | Строка: 39
=================
[2018-08-28 10:29:26] Текст ошибки: Страница не найдена | Файл: C:\OSPanel\domains\ishop2.loc\vendor\ishop\core\Router.php | Строка: 39
=================
[2018-08-28 10:29:26] Текст ошибки: Страница не найдена | Файл: C:\OSPanel\domains\ishop2.loc\vendor\ishop\core\Router.php | Строка: 39
=================
[2018-08-28 10:29:26] Текст ошибки: Страница не найдена | Файл: C:\OSPanel\domains\ishop2.loc\vendor\ishop\core\Router.php | Строка: 39
=================
[2018-08-28 10:29:26] Текст ошибки: Страница не найдена | Файл: C:\OSPanel\domains\ishop2.loc\vendor\ishop\core\Router.php | Строка: 39
=================
[2018-08-28 10:29:26] Текст ошибки: Страница не найдена | Файл: C:\OSPanel\domains\ishop2.loc\vendor\ishop\core\Router.php | Строка: 39
=================
[2018-08-28 10:29:26] Текст ошибки: Страница не найдена | Файл: C:\OSPanel\domains\ishop2.loc\vendor\ishop\core\Router.php | Строка: 39
=================
[2018-08-28 10:29:26] Текст ошибки: Страница не найдена | Файл: C:\OSPanel\domains\ishop2.loc\vendor\ishop\core\Router.php | Строка: 39
=================
[2018-08-28 10:29:26] Текст ошибки: Страница не найдена | Файл: C:\OSPanel\domains\ishop2.loc\vendor\ishop\core\Router.php | Строка: 39
=================
[2018-08-28 10:29:26] Текст ошибки: Страница не найдена | Файл: C:\OSPanel\domains\ishop2.loc\vendor\ishop\core\Router.php | Строка: 39
=================
[2018-08-28 10:29:26] Текст ошибки: Страница не найдена | Файл: C:\OSPanel\domains\ishop2.loc\vendor\ishop\core\Router.php | Строка: 39
=================
[2018-08-28 10:29:26] Текст ошибки: Страница не найдена | Файл: C:\OSPanel\domains\ishop2.loc\vendor\ishop\core\Router.php | Строка: 39
=================
[2018-08-28 10:29:26] Текст ошибки: Страница не найдена | Файл: C:\OSPanel\domains\ishop2.loc\vendor\ishop\core\Router.php | Строка: 39
=================
[2018-08-28 10:29:26] Текст ошибки: Страница не найдена | Файл: C:\OSPanel\domains\ishop2.loc\vendor\ishop\core\Router.php | Строка: 39
=================
[2018-08-28 10:29:26] Текст ошибки: Страница не найдена | Файл: C:\OSPanel\domains\ishop2.loc\vendor\ishop\core\Router.php | Строка: 39
=================
[2018-08-28 10:29:26] Текст ошибки: Страница не найдена | Файл: C:\OSPanel\domains\ishop2.loc\vendor\ishop\core\Router.php | Строка: 39
=================
[2018-08-28 10:29:26] Текст ошибки: Страница не найдена | Файл: C:\OSPanel\domains\ishop2.loc\vendor\ishop\core\Router.php | Строка: 39
=================
[2018-08-28 10:29:26] Текст ошибки: Страница не найдена | Файл: C:\OSPanel\domains\ishop2.loc\vendor\ishop\core\Router.php | Строка: 39
=================
[2018-08-28 10:29:26] Текст ошибки: Страница не найдена | Файл: C:\OSPanel\domains\ishop2.loc\vendor\ishop\core\Router.php | Строка: 39
=================
[2018-08-28 10:29:26] Текст ошибки: Страница не найдена | Файл: C:\OSPanel\domains\ishop2.loc\vendor\ishop\core\Router.php | Строка: 39
=================
[2018-08-28 10:29:26] Текст ошибки: Страница не найдена | Файл: C:\OSPanel\domains\ishop2.loc\vendor\ishop\core\Router.php | Строка: 39
=================
[2018-08-28 10:29:26] Текст ошибки: Страница не найдена | Файл: C:\OSPanel\domains\ishop2.loc\vendor\ishop\core\Router.php | Строка: 39
=================
[2018-08-28 10:29:26] Текст ошибки: Страница не найдена | Файл: C:\OSPanel\domains\ishop2.loc\vendor\ishop\core\Router.php | Строка: 39
=================
[2018-08-28 10:29:26] Текст ошибки: Страница не найдена | Файл: C:\OSPanel\domains\ishop2.loc\vendor\ishop\core\Router.php | Строка: 39
=================
[2018-08-28 10:29:26] Текст ошибки: Страница не найдена | Файл: C:\OSPanel\domains\ishop2.loc\vendor\ishop\core\Router.php | Строка: 39
=================
[2018-08-28 10:29:26] Текст ошибки: Страница не найдена | Файл: C:\OSPanel\domains\ishop2.loc\vendor\ishop\core\Router.php | Строка: 39
=================
[2018-08-28 10:29:27] Текст ошибки: Страница не найдена | Файл: C:\OSPanel\domains\ishop2.loc\vendor\ishop\core\Router.php | Строка: 39
=================
[2018-08-28 10:29:27] Текст ошибки: Страница не найдена | Файл: C:\OSPanel\domains\ishop2.loc\vendor\ishop\core\Router.php | Строка: 39
=================
[2018-08-28 10:29:27] Текст ошибки: Страница не найдена | Файл: C:\OSPanel\domains\ishop2.loc\vendor\ishop\core\Router.php | Строка: 39
=================
[2018-08-28 10:29:27] Текст ошибки: Страница не найдена | Файл: C:\OSPanel\domains\ishop2.loc\vendor\ishop\core\Router.php | Строка: 39
=================
[2018-08-28 10:29:27] Текст ошибки: Страница не найдена | Файл: C:\OSPanel\domains\ishop2.loc\vendor\ishop\core\Router.php | Строка: 39
=================
[2018-08-28 10:29:27] Текст ошибки: Страница не найдена | Файл: C:\OSPanel\domains\ishop2.loc\vendor\ishop\core\Router.php | Строка: 39
=================
[2018-08-28 10:29:27] Текст ошибки: Страница не найдена | Файл: C:\OSPanel\domains\ishop2.loc\vendor\ishop\core\Router.php | Строка: 39
=================
[2018-08-28 10:29:27] Текст ошибки: Страница не найдена | Файл: C:\OSPanel\domains\ishop2.loc\vendor\ishop\core\Router.php | Строка: 39
=================
[2018-08-28 10:29:27] Текст ошибки: Страница не найдена | Файл: C:\OSPanel\domains\ishop2.loc\vendor\ishop\core\Router.php | Строка: 39
=================
[2018-08-28 10:29:27] Текст ошибки: Страница не найдена | Файл: C:\OSPanel\domains\ishop2.loc\vendor\ishop\core\Router.php | Строка: 39
=================
[2018-08-28 10:29:27] Текст ошибки: Страница не найдена | Файл: C:\OSPanel\domains\ishop2.loc\vendor\ishop\core\Router.php | Строка: 39
=================
[2018-08-28 10:29:27] Текст ошибки: Страница не найдена | Файл: C:\OSPanel\domains\ishop2.loc\vendor\ishop\core\Router.php | Строка: 39
=================
[2018-08-28 10:29:27] Текст ошибки: Страница не найдена | Файл: C:\OSPanel\domains\ishop2.loc\vendor\ishop\core\Router.php | Строка: 39
=================
[2018-08-28 10:29:27] Текст ошибки: Страница не найдена | Файл: C:\OSPanel\domains\ishop2.loc\vendor\ishop\core\Router.php | Строка: 39
=================
[2018-08-28 10:29:27] Текст ошибки: Страница не найдена | Файл: C:\OSPanel\domains\ishop2.loc\vendor\ishop\core\Router.php | Строка: 39
=================
[2018-08-28 10:29:27] Текст ошибки: Страница не найдена | Файл: C:\OSPanel\domains\ishop2.loc\vendor\ishop\core\Router.php | Строка: 39
=================
[2018-08-28 10:29:27] Текст ошибки: Страница не найдена | Файл: C:\OSPanel\domains\ishop2.loc\vendor\ishop\core\Router.php | Строка: 39
=================
[2018-08-28 10:29:27] Текст ошибки: Страница не найдена | Файл: C:\OSPanel\domains\ishop2.loc\vendor\ishop\core\Router.php | Строка: 39
=================
[2018-08-28 10:29:27] Текст ошибки: Страница не найдена | Файл: C:\OSPanel\domains\ishop2.loc\vendor\ishop\core\Router.php | Строка: 39
=================
[2018-08-28 10:29:27] Текст ошибки: Страница не найдена | Файл: C:\OSPanel\domains\ishop2.loc\vendor\ishop\core\Router.php | Строка: 39
=================
[2018-08-28 10:29:27] Текст ошибки: Страница не найдена | Файл: C:\OSPanel\domains\ishop2.loc\vendor\ishop\core\Router.php | Строка: 39
=================
[2018-08-28 10:29:27] Текст ошибки: Страница не найдена | Файл: C:\OSPanel\domains\ishop2.loc\vendor\ishop\core\Router.php | Строка: 39
=================
[2018-08-28 10:29:27] Текст ошибки: Страница не найдена | Файл: C:\OSPanel\domains\ishop2.loc\vendor\ishop\core\Router.php | Строка: 39
=================
[2018-08-28 10:29:27] Текст ошибки: Страница не найдена | Файл: C:\OSPanel\domains\ishop2.loc\vendor\ishop\core\Router.php | Строка: 39
=================
[2018-08-28 10:29:27] Текст ошибки: Страница не найдена | Файл: C:\OSPanel\domains\ishop2.loc\vendor\ishop\core\Router.php | Строка: 39
=================
[2018-08-28 10:29:27] Текст ошибки: Страница не найдена | Файл: C:\OSPanel\domains\ishop2.loc\vendor\ishop\core\Router.php | Строка: 39
=================
[2018-08-28 10:29:27] Текст ошибки: Страница не найдена | Файл: C:\OSPanel\domains\ishop2.loc\vendor\ishop\core\Router.php | Строка: 39
=================
[2018-08-28 10:29:27] Текст ошибки: Страница не найдена | Файл: C:\OSPanel\domains\ishop2.loc\vendor\ishop\core\Router.php | Строка: 39
=================
[2018-08-28 10:29:27] Текст ошибки: Страница не найдена | Файл: C:\OSPanel\domains\ishop2.loc\vendor\ishop\core\Router.php | Строка: 39
=================
[2018-08-28 10:29:28] Текст ошибки: Страница не найдена | Файл: C:\OSPanel\domains\ishop2.loc\vendor\ishop\core\Router.php | Строка: 39
=================
[2018-08-28 10:29:28] Текст ошибки: Страница не найдена | Файл: C:\OSPanel\domains\ishop2.loc\vendor\ishop\core\Router.php | Строка: 39
=================
[2018-08-28 10:29:28] Текст ошибки: Страница не найдена | Файл: C:\OSPanel\domains\ishop2.loc\vendor\ishop\core\Router.php | Строка: 39
=================
[2018-08-28 10:29:28] Текст ошибки: Страница не найдена | Файл: C:\OSPanel\domains\ishop2.loc\vendor\ishop\core\Router.php | Строка: 39
=================
[2018-08-28 10:29:28] Текст ошибки: Страница не найдена | Файл: C:\OSPanel\domains\ishop2.loc\vendor\ishop\core\Router.php | Строка: 39
=================
[2018-08-28 10:29:28] Текст ошибки: Страница не найдена | Файл: C:\OSPanel\domains\ishop2.loc\vendor\ishop\core\Router.php | Строка: 39
=================
[2018-08-28 10:29:28] Текст ошибки: Страница не найдена | Файл: C:\OSPanel\domains\ishop2.loc\vendor\ishop\core\Router.php | Строка: 39
=================
[2018-08-28 10:29:28] Текст ошибки: Страница не найдена | Файл: C:\OSPanel\domains\ishop2.loc\vendor\ishop\core\Router.php | Строка: 39
=================
[2018-08-28 10:29:28] Текст ошибки: Страница не найдена | Файл: C:\OSPanel\domains\ishop2.loc\vendor\ishop\core\Router.php | Строка: 39
=================
[2018-08-28 10:29:28] Текст ошибки: Страница не найдена | Файл: C:\OSPanel\domains\ishop2.loc\vendor\ishop\core\Router.php | Строка: 39
=================
[2018-08-28 10:29:28] Текст ошибки: Страница не найдена | Файл: C:\OSPanel\domains\ishop2.loc\vendor\ishop\core\Router.php | Строка: 39
=================
[2018-08-28 10:29:28] Текст ошибки: Страница не найдена | Файл: C:\OSPanel\domains\ishop2.loc\vendor\ishop\core\Router.php | Строка: 39
=================
[2018-08-28 10:29:28] Текст ошибки: Страница не найдена | Файл: C:\OSPanel\domains\ishop2.loc\vendor\ishop\core\Router.php | Строка: 39
=================
[2018-08-28 10:29:28] Текст ошибки: Страница не найдена | Файл: C:\OSPanel\domains\ishop2.loc\vendor\ishop\core\Router.php | Строка: 39
=================
[2018-08-28 10:29:28] Текст ошибки: Страница не найдена | Файл: C:\OSPanel\domains\ishop2.loc\vendor\ishop\core\Router.php | Строка: 39
=================
[2018-08-28 10:29:28] Текст ошибки: Страница не найдена | Файл: C:\OSPanel\domains\ishop2.loc\vendor\ishop\core\Router.php | Строка: 39
=================
[2018-08-28 10:29:28] Текст ошибки: Страница не найдена | Файл: C:\OSPanel\domains\ishop2.loc\vendor\ishop\core\Router.php | Строка: 39
=================
[2018-08-28 10:29:28] Текст ошибки: Страница не найдена | Файл: C:\OSPanel\domains\ishop2.loc\vendor\ishop\core\Router.php | Строка: 39
=================
[2018-08-28 10:29:28] Текст ошибки: Страница не найдена | Файл: C:\OSPanel\domains\ishop2.loc\vendor\ishop\core\Router.php | Строка: 39
=================
[2018-08-28 10:29:28] Текст ошибки: Страница не найдена | Файл: C:\OSPanel\domains\ishop2.loc\vendor\ishop\core\Router.php | Строка: 39
=================
[2018-08-28 10:29:28] Текст ошибки: Страница не найдена | Файл: C:\OSPanel\domains\ishop2.loc\vendor\ishop\core\Router.php | Строка: 39
=================
[2018-08-28 10:29:28] Текст ошибки: Страница не найдена | Файл: C:\OSPanel\domains\ishop2.loc\vendor\ishop\core\Router.php | Строка: 39
=================
[2018-08-28 10:29:28] Текст ошибки: Страница не найдена | Файл: C:\OSPanel\domains\ishop2.loc\vendor\ishop\core\Router.php | Строка: 39
=================
[2018-08-28 10:29:28] Текст ошибки: Страница не найдена | Файл: C:\OSPanel\domains\ishop2.loc\vendor\ishop\core\Router.php | Строка: 39
=================
[2018-08-28 10:29:28] Текст ошибки: Страница не найдена | Файл: C:\OSPanel\domains\ishop2.loc\vendor\ishop\core\Router.php | Строка: 39
=================
[2018-08-28 10:29:28] Текст ошибки: Страница не найдена | Файл: C:\OSPanel\domains\ishop2.loc\vendor\ishop\core\Router.php | Строка: 39
=================
[2018-08-28 10:29:28] Текст ошибки: Страница не найдена | Файл: C:\OSPanel\domains\ishop2.loc\vendor\ishop\core\Router.php | Строка: 39
=================
[2018-08-28 10:29:28] Текст ошибки: Страница не найдена | Файл: C:\OSPanel\domains\ishop2.loc\vendor\ishop\core\Router.php | Строка: 39
=================
[2018-08-28 10:29:28] Текст ошибки: Страница не найдена | Файл: C:\OSPanel\domains\ishop2.loc\vendor\ishop\core\Router.php | Строка: 39
=================
[2018-08-28 10:29:28] Текст ошибки: Страница не найдена | Файл: C:\OSPanel\domains\ishop2.loc\vendor\ishop\core\Router.php | Строка: 39
=================
[2018-08-28 10:29:28] Текст ошибки: Страница не найдена | Файл: C:\OSPanel\domains\ishop2.loc\vendor\ishop\core\Router.php | Строка: 39
=================
[2018-08-28 10:29:28] Текст ошибки: Страница не найдена | Файл: C:\OSPanel\domains\ishop2.loc\vendor\ishop\core\Router.php | Строка: 39
=================
[2018-08-28 10:29:28] Текст ошибки: Страница не найдена | Файл: C:\OSPanel\domains\ishop2.loc\vendor\ishop\core\Router.php | Строка: 39
=================
[2018-08-28 10:29:28] Текст ошибки: Страница не найдена | Файл: C:\OSPanel\domains\ishop2.loc\vendor\ishop\core\Router.php | Строка: 39
=================
[2018-08-28 10:29:28] Текст ошибки: Страница не найдена | Файл: C:\OSPanel\domains\ishop2.loc\vendor\ishop\core\Router.php | Строка: 39
=================
[2018-08-28 10:29:28] Текст ошибки: Страница не найдена | Файл: C:\OSPanel\domains\ishop2.loc\vendor\ishop\core\Router.php | Строка: 39
=================
[2018-08-28 10:29:28] Текст ошибки: Страница не найдена | Файл: C:\OSPanel\domains\ishop2.loc\vendor\ishop\core\Router.php | Строка: 39
=================
[2018-08-28 10:29:28] Текст ошибки: Страница не найдена | Файл: C:\OSPanel\domains\ishop2.loc\vendor\ishop\core\Router.php | Строка: 39
=================
[2018-08-28 10:29:28] Текст ошибки: Страница не найдена | Файл: C:\OSPanel\domains\ishop2.loc\vendor\ishop\core\Router.php | Строка: 39
=================
[2018-08-28 10:29:28] Текст ошибки: Страница не найдена | Файл: C:\OSPanel\domains\ishop2.loc\vendor\ishop\core\Router.php | Строка: 39
=================
[2018-08-28 10:29:28] Текст ошибки: Страница не найдена | Файл: C:\OSPanel\domains\ishop2.loc\vendor\ishop\core\Router.php | Строка: 39
=================
[2018-08-28 10:29:28] Текст ошибки: Страница не найдена | Файл: C:\OSPanel\domains\ishop2.loc\vendor\ishop\core\Router.php | Строка: 39
=================
[2018-08-28 10:29:28] Текст ошибки: Страница не найдена | Файл: C:\OSPanel\domains\ishop2.loc\vendor\ishop\core\Router.php | Строка: 39
=================
[2018-08-28 10:29:28] Текст ошибки: Страница не найдена | Файл: C:\OSPanel\domains\ishop2.loc\vendor\ishop\core\Router.php | Строка: 39
=================
[2018-08-28 10:29:28] Текст ошибки: Страница не найдена | Файл: C:\OSPanel\domains\ishop2.loc\vendor\ishop\core\Router.php | Строка: 39
=================
[2018-08-28 10:29:28] Текст ошибки: Страница не найдена | Файл: C:\OSPanel\domains\ishop2.loc\vendor\ishop\core\Router.php | Строка: 39
=================
[2018-08-28 10:29:28] Текст ошибки: Страница не найдена | Файл: C:\OSPanel\domains\ishop2.loc\vendor\ishop\core\Router.php | Строка: 39
=================
[2018-08-28 10:29:28] Текст ошибки: Страница не найдена | Файл: C:\OSPanel\domains\ishop2.loc\vendor\ishop\core\Router.php | Строка: 39
=================
[2018-08-28 10:29:28] Текст ошибки: Страница не найдена | Файл: C:\OSPanel\domains\ishop2.loc\vendor\ishop\core\Router.php | Строка: 39
=================
[2018-08-28 10:29:28] Текст ошибки: Страница не найдена | Файл: C:\OSPanel\domains\ishop2.loc\vendor\ishop\core\Router.php | Строка: 39
=================
[2018-08-28 10:29:28] Текст ошибки: Страница не найдена | Файл: C:\OSPanel\domains\ishop2.loc\vendor\ishop\core\Router.php | Строка: 39
=================
[2018-08-28 10:29:28] Текст ошибки: Страница не найдена | Файл: C:\OSPanel\domains\ishop2.loc\vendor\ishop\core\Router.php | Строка: 39
=================
[2018-08-28 10:29:28] Текст ошибки: Страница не найдена | Файл: C:\OSPanel\domains\ishop2.loc\vendor\ishop\core\Router.php | Строка: 39
=================
[2018-08-28 10:29:28] Текст ошибки: Страница не найдена | Файл: C:\OSPanel\domains\ishop2.loc\vendor\ishop\core\Router.php | Строка: 39
=================
[2018-08-28 10:29:28] Текст ошибки: Страница не найдена | Файл: C:\OSPanel\domains\ishop2.loc\vendor\ishop\core\Router.php | Строка: 39
=================
[2018-08-28 10:29:28] Текст ошибки: Страница не найдена | Файл: C:\OSPanel\domains\ishop2.loc\vendor\ishop\core\Router.php | Строка: 39
=================
[2018-08-28 10:29:28] Текст ошибки: Страница не найдена | Файл: C:\OSPanel\domains\ishop2.loc\vendor\ishop\core\Router.php | Строка: 39
=================
[2018-08-28 10:29:29] Текст ошибки: Страница не найдена | Файл: C:\OSPanel\domains\ishop2.loc\vendor\ishop\core\Router.php | Строка: 39
=================
[2018-08-28 10:29:29] Текст ошибки: Страница не найдена | Файл: C:\OSPanel\domains\ishop2.loc\vendor\ishop\core\Router.php | Строка: 39
=================
[2018-08-28 10:29:29] Текст ошибки: Страница не найдена | Файл: C:\OSPanel\domains\ishop2.loc\vendor\ishop\core\Router.php | Строка: 39
=================
[2018-08-28 10:29:29] Текст ошибки: Страница не найдена | Файл: C:\OSPanel\domains\ishop2.loc\vendor\ishop\core\Router.php | Строка: 39
=================
[2018-08-28 10:29:29] Текст ошибки: Страница не найдена | Файл: C:\OSPanel\domains\ishop2.loc\vendor\ishop\core\Router.php | Строка: 39
=================
[2018-08-28 10:29:29] Текст ошибки: Страница не найдена | Файл: C:\OSPanel\domains\ishop2.loc\vendor\ishop\core\Router.php | Строка: 39
=================
[2018-08-28 10:29:29] Текст ошибки: Страница не найдена | Файл: C:\OSPanel\domains\ishop2.loc\vendor\ishop\core\Router.php | Строка: 39
=================
[2018-08-28 10:29:29] Текст ошибки: Страница не найдена | Файл: C:\OSPanel\domains\ishop2.loc\vendor\ishop\core\Router.php | Строка: 39
=================
[2018-08-28 10:29:29] Текст ошибки: Страница не найдена | Файл: C:\OSPanel\domains\ishop2.loc\vendor\ishop\core\Router.php | Строка: 39
=================
[2018-08-28 10:29:29] Текст ошибки: Страница не найдена | Файл: C:\OSPanel\domains\ishop2.loc\vendor\ishop\core\Router.php | Строка: 39
=================
[2018-08-28 10:29:29] Текст ошибки: Страница не найдена | Файл: C:\OSPanel\domains\ishop2.loc\vendor\ishop\core\Router.php | Строка: 39
=================
[2018-08-28 10:29:29] Текст ошибки: Страница не найдена | Файл: C:\OSPanel\domains\ishop2.loc\vendor\ishop\core\Router.php | Строка: 39
=================
[2018-08-28 10:29:29] Текст ошибки: Страница не найдена | Файл: C:\OSPanel\domains\ishop2.loc\vendor\ishop\core\Router.php | Строка: 39
=================
[2018-08-28 10:29:29] Текст ошибки: Страница не найдена | Файл: C:\OSPanel\domains\ishop2.loc\vendor\ishop\core\Router.php | Строка: 39
=================
[2018-08-28 10:29:29] Текст ошибки: Страница не найдена | Файл: C:\OSPanel\domains\ishop2.loc\vendor\ishop\core\Router.php | Строка: 39
=================
[2018-08-28 10:29:29] Текст ошибки: Страница не найдена | Файл: C:\OSPanel\domains\ishop2.loc\vendor\ishop\core\Router.php | Строка: 39
=================
[2018-08-28 10:29:29] Текст ошибки: Страница не найдена | Файл: C:\OSPanel\domains\ishop2.loc\vendor\ishop\core\Router.php | Строка: 39
=================
[2018-08-28 10:29:29] Текст ошибки: Страница не найдена | Файл: C:\OSPanel\domains\ishop2.loc\vendor\ishop\core\Router.php | Строка: 39
=================
[2018-08-28 10:29:29] Текст ошибки: Страница не найдена | Файл: C:\OSPanel\domains\ishop2.loc\vendor\ishop\core\Router.php | Строка: 39
=================
[2018-08-28 10:29:29] Текст ошибки: Страница не найдена | Файл: C:\OSPanel\domains\ishop2.loc\vendor\ishop\core\Router.php | Строка: 39
=================
[2018-08-28 10:29:29] Текст ошибки: Страница не найдена | Файл: C:\OSPanel\domains\ishop2.loc\vendor\ishop\core\Router.php | Строка: 39
=================
[2018-08-28 10:29:29] Текст ошибки: Страница не найдена | Файл: C:\OSPanel\domains\ishop2.loc\vendor\ishop\core\Router.php | Строка: 39
=================
[2018-08-28 10:29:29] Текст ошибки: Страница не найдена | Файл: C:\OSPanel\domains\ishop2.loc\vendor\ishop\core\Router.php | Строка: 39
=================
[2018-08-28 10:29:29] Текст ошибки: Страница не найдена | Файл: C:\OSPanel\domains\ishop2.loc\vendor\ishop\core\Router.php | Строка: 39
=================
[2018-08-28 10:29:29] Текст ошибки: Страница не найдена | Файл: C:\OSPanel\domains\ishop2.loc\vendor\ishop\core\Router.php | Строка: 39
=================
[2018-08-28 10:29:29] Текст ошибки: Страница не найдена | Файл: C:\OSPanel\domains\ishop2.loc\vendor\ishop\core\Router.php | Строка: 39
=================
[2018-08-28 10:29:29] Текст ошибки: Страница не найдена | Файл: C:\OSPanel\domains\ishop2.loc\vendor\ishop\core\Router.php | Строка: 39
=================
[2018-08-28 10:29:29] Текст ошибки: Страница не найдена | Файл: C:\OSPanel\domains\ishop2.loc\vendor\ishop\core\Router.php | Строка: 39
=================
[2018-08-28 10:29:29] Текст ошибки: Страница не найдена | Файл: C:\OSPanel\domains\ishop2.loc\vendor\ishop\core\Router.php | Строка: 39
=================
[2018-08-28 10:29:29] Текст ошибки: Страница не найдена | Файл: C:\OSPanel\domains\ishop2.loc\vendor\ishop\core\Router.php | Строка: 39
=================
[2018-08-28 10:29:29] Текст ошибки: Страница не найдена | Файл: C:\OSPanel\domains\ishop2.loc\vendor\ishop\core\Router.php | Строка: 39
=================
[2018-08-28 10:29:29] Текст ошибки: Страница не найдена | Файл: C:\OSPanel\domains\ishop2.loc\vendor\ishop\core\Router.php | Строка: 39
=================
[2018-08-28 10:29:29] Текст ошибки: Страница не найдена | Файл: C:\OSPanel\domains\ishop2.loc\vendor\ishop\core\Router.php | Строка: 39
=================
[2018-08-28 10:29:29] Текст ошибки: Страница не найдена | Файл: C:\OSPanel\domains\ishop2.loc\vendor\ishop\core\Router.php | Строка: 39
=================
[2018-08-28 10:29:29] Текст ошибки: Страница не найдена | Файл: C:\OSPanel\domains\ishop2.loc\vendor\ishop\core\Router.php | Строка: 39
=================
[2018-08-28 10:29:29] Текст ошибки: Страница не найдена | Файл: C:\OSPanel\domains\ishop2.loc\vendor\ishop\core\Router.php | Строка: 39
=================
[2018-08-28 10:29:30] Текст ошибки: Страница не найдена | Файл: C:\OSPanel\domains\ishop2.loc\vendor\ishop\core\Router.php | Строка: 39
=================
[2018-08-28 10:29:30] Текст ошибки: Страница не найдена | Файл: C:\OSPanel\domains\ishop2.loc\vendor\ishop\core\Router.php | Строка: 39
=================
[2018-08-28 10:29:30] Текст ошибки: Страница не найдена | Файл: C:\OSPanel\domains\ishop2.loc\vendor\ishop\core\Router.php | Строка: 39
=================
[2018-08-28 10:29:30] Текст ошибки: Страница не найдена | Файл: C:\OSPanel\domains\ishop2.loc\vendor\ishop\core\Router.php | Строка: 39
=================
[2018-08-28 10:29:30] Текст ошибки: Страница не найдена | Файл: C:\OSPanel\domains\ishop2.loc\vendor\ishop\core\Router.php | Строка: 39
=================
[2018-08-28 10:29:30] Текст ошибки: Страница не найдена | Файл: C:\OSPanel\domains\ishop2.loc\vendor\ishop\core\Router.php | Строка: 39
=================
[2018-08-28 10:29:30] Текст ошибки: Страница не найдена | Файл: C:\OSPanel\domains\ishop2.loc\vendor\ishop\core\Router.php | Строка: 39
=================
[2018-08-28 10:29:30] Текст ошибки: Страница не найдена | Файл: C:\OSPanel\domains\ishop2.loc\vendor\ishop\core\Router.php | Строка: 39
=================
[2018-08-28 10:29:30] Текст ошибки: Страница не найдена | Файл: C:\OSPanel\domains\ishop2.loc\vendor\ishop\core\Router.php | Строка: 39
=================
[2018-08-28 10:29:30] Текст ошибки: Страница не найдена | Файл: C:\OSPanel\domains\ishop2.loc\vendor\ishop\core\Router.php | Строка: 39
=================
[2018-08-28 10:29:30] Текст ошибки: Страница не найдена | Файл: C:\OSPanel\domains\ishop2.loc\vendor\ishop\core\Router.php | Строка: 39
=================
[2018-08-28 10:29:30] Текст ошибки: Страница не найдена | Файл: C:\OSPanel\domains\ishop2.loc\vendor\ishop\core\Router.php | Строка: 39
=================
[2018-08-28 10:29:30] Текст ошибки: Страница не найдена | Файл: C:\OSPanel\domains\ishop2.loc\vendor\ishop\core\Router.php | Строка: 39
=================
[2018-08-28 10:29:30] Текст ошибки: Страница не найдена | Файл: C:\OSPanel\domains\ishop2.loc\vendor\ishop\core\Router.php | Строка: 39
=================
[2018-08-28 10:29:30] Текст ошибки: Страница не найдена | Файл: C:\OSPanel\domains\ishop2.loc\vendor\ishop\core\Router.php | Строка: 39
=================
[2018-08-28 10:29:30] Текст ошибки: Страница не найдена | Файл: C:\OSPanel\domains\ishop2.loc\vendor\ishop\core\Router.php | Строка: 39
=================
[2018-08-28 10:29:30] Текст ошибки: Страница не найдена | Файл: C:\OSPanel\domains\ishop2.loc\vendor\ishop\core\Router.php | Строка: 39
=================
[2018-08-28 10:29:30] Текст ошибки: Страница не найдена | Файл: C:\OSPanel\domains\ishop2.loc\vendor\ishop\core\Router.php | Строка: 39
=================
[2018-08-28 10:29:30] Текст ошибки: Страница не найдена | Файл: C:\OSPanel\domains\ishop2.loc\vendor\ishop\core\Router.php | Строка: 39
=================
[2018-08-28 10:29:30] Текст ошибки: Страница не найдена | Файл: C:\OSPanel\domains\ishop2.loc\vendor\ishop\core\Router.php | Строка: 39
=================
[2018-08-28 10:29:30] Текст ошибки: Страница не найдена | Файл: C:\OSPanel\domains\ishop2.loc\vendor\ishop\core\Router.php | Строка: 39
=================
[2018-08-28 10:29:30] Текст ошибки: Страница не найдена | Файл: C:\OSPanel\domains\ishop2.loc\vendor\ishop\core\Router.php | Строка: 39
=================
[2018-08-28 10:30:15] Текст ошибки: Страница не найдена | Файл: C:\OSPanel\domains\ishop2.loc\vendor\ishop\core\Router.php | Строка: 39
=================
[2018-08-28 10:30:15] Текст ошибки: Страница не найдена | Файл: C:\OSPanel\domains\ishop2.loc\vendor\ishop\core\Router.php | Строка: 39
=================
[2018-08-28 10:30:15] Текст ошибки: Страница не найдена | Файл: C:\OSPanel\domains\ishop2.loc\vendor\ishop\core\Router.php | Строка: 39
=================
[2018-08-28 10:30:15] Текст ошибки: Страница не найдена | Файл: C:\OSPanel\domains\ishop2.loc\vendor\ishop\core\Router.php | Строка: 39
=================
[2018-08-28 10:30:15] Текст ошибки: Страница не найдена | Файл: C:\OSPanel\domains\ishop2.loc\vendor\ishop\core\Router.php | Строка: 39
=================
[2018-08-28 10:30:15] Текст ошибки: Страница не найдена | Файл: C:\OSPanel\domains\ishop2.loc\vendor\ishop\core\Router.php | Строка: 39
=================
[2018-08-28 10:30:15] Текст ошибки: Страница не найдена | Файл: C:\OSPanel\domains\ishop2.loc\vendor\ishop\core\Router.php | Строка: 39
=================
[2018-08-28 10:30:15] Текст ошибки: Страница не найдена | Файл: C:\OSPanel\domains\ishop2.loc\vendor\ishop\core\Router.php | Строка: 39
=================
[2018-08-28 10:30:15] Текст ошибки: Страница не найдена | Файл: C:\OSPanel\domains\ishop2.loc\vendor\ishop\core\Router.php | Строка: 39
=================
[2018-08-28 10:30:15] Текст ошибки: Страница не найдена | Файл: C:\OSPanel\domains\ishop2.loc\vendor\ishop\core\Router.php | Строка: 39
=================
[2018-08-28 10:30:15] Текст ошибки: Страница не найдена | Файл: C:\OSPanel\domains\ishop2.loc\vendor\ishop\core\Router.php | Строка: 39
=================
[2018-08-28 10:30:15] Текст ошибки: Страница не найдена | Файл: C:\OSPanel\domains\ishop2.loc\vendor\ishop\core\Router.php | Строка: 39
=================
[2018-08-28 10:30:15] Текст ошибки: Страница не найдена | Файл: C:\OSPanel\domains\ishop2.loc\vendor\ishop\core\Router.php | Строка: 39
=================
[2018-08-28 10:30:15] Текст ошибки: Страница не найдена | Файл: C:\OSPanel\domains\ishop2.loc\vendor\ishop\core\Router.php | Строка: 39
=================
[2018-08-28 10:30:15] Текст ошибки: Страница не найдена | Файл: C:\OSPanel\domains\ishop2.loc\vendor\ishop\core\Router.php | Строка: 39
=================
[2018-08-28 10:30:15] Текст ошибки: Страница не найдена | Файл: C:\OSPanel\domains\ishop2.loc\vendor\ishop\core\Router.php | Строка: 39
=================
[2018-08-28 10:30:15] Текст ошибки: Страница не найдена | Файл: C:\OSPanel\domains\ishop2.loc\vendor\ishop\core\Router.php | Строка: 39
=================
[2018-08-28 10:30:15] Текст ошибки: Страница не найдена | Файл: C:\OSPanel\domains\ishop2.loc\vendor\ishop\core\Router.php | Строка: 39
=================
[2018-08-28 10:30:15] Текст ошибки: Страница не найдена | Файл: C:\OSPanel\domains\ishop2.loc\vendor\ishop\core\Router.php | Строка: 39
=================
[2018-08-28 10:30:15] Текст ошибки: Страница не найдена | Файл: C:\OSPanel\domains\ishop2.loc\vendor\ishop\core\Router.php | Строка: 39
=================
[2018-08-28 10:30:15] Текст ошибки: Страница не найдена | Файл: C:\OSPanel\domains\ishop2.loc\vendor\ishop\core\Router.php | Строка: 39
=================
[2018-08-28 10:30:15] Текст ошибки: Страница не найдена | Файл: C:\OSPanel\domains\ishop2.loc\vendor\ishop\core\Router.php | Строка: 39
=================
[2018-08-28 10:30:15] Текст ошибки: Страница не найдена | Файл: C:\OSPanel\domains\ishop2.loc\vendor\ishop\core\Router.php | Строка: 39
=================
[2018-08-28 10:30:15] Текст ошибки: Страница не найдена | Файл: C:\OSPanel\domains\ishop2.loc\vendor\ishop\core\Router.php | Строка: 39
=================
[2018-08-28 10:30:15] Текст ошибки: Страница не найдена | Файл: C:\OSPanel\domains\ishop2.loc\vendor\ishop\core\Router.php | Строка: 39
=================
[2018-08-28 10:30:15] Текст ошибки: Страница не найдена | Файл: C:\OSPanel\domains\ishop2.loc\vendor\ishop\core\Router.php | Строка: 39
=================
[2018-08-28 10:30:15] Текст ошибки: Страница не найдена | Файл: C:\OSPanel\domains\ishop2.loc\vendor\ishop\core\Router.php | Строка: 39
=================
[2018-08-28 10:30:15] Текст ошибки: Страница не найдена | Файл: C:\OSPanel\domains\ishop2.loc\vendor\ishop\core\Router.php | Строка: 39
=================
[2018-08-28 10:30:47] Текст ошибки: Страница не найдена | Файл: C:\OSPanel\domains\ishop2.loc\vendor\ishop\core\Router.php | Строка: 39
=================
[2018-08-28 10:30:47] Текст ошибки: Страница не найдена | Файл: C:\OSPanel\domains\ishop2.loc\vendor\ishop\core\Router.php | Строка: 39
=================
[2018-08-28 10:30:47] Текст ошибки: Страница не найдена | Файл: C:\OSPanel\domains\ishop2.loc\vendor\ishop\core\Router.php | Строка: 39
=================
[2018-08-28 10:30:47] Текст ошибки: Страница не найдена | Файл: C:\OSPanel\domains\ishop2.loc\vendor\ishop\core\Router.php | Строка: 39
=================
[2018-08-28 10:30:47] Текст ошибки: Страница не найдена | Файл: C:\OSPanel\domains\ishop2.loc\vendor\ishop\core\Router.php | Строка: 39
=================
[2018-08-28 10:30:47] Текст ошибки: Страница не найдена | Файл: C:\OSPanel\domains\ishop2.loc\vendor\ishop\core\Router.php | Строка: 39
=================
[2018-08-28 10:30:47] Текст ошибки: Страница не найдена | Файл: C:\OSPanel\domains\ishop2.loc\vendor\ishop\core\Router.php | Строка: 39
=================
[2018-08-28 10:30:47] Текст ошибки: Страница не найдена | Файл: C:\OSPanel\domains\ishop2.loc\vendor\ishop\core\Router.php | Строка: 39
=================
[2018-08-28 10:30:47] Текст ошибки: Страница не найдена | Файл: C:\OSPanel\domains\ishop2.loc\vendor\ishop\core\Router.php | Строка: 39
=================
[2018-08-28 10:30:47] Текст ошибки: Страница не найдена | Файл: C:\OSPanel\domains\ishop2.loc\vendor\ishop\core\Router.php | Строка: 39
=================
[2018-08-28 10:30:47] Текст ошибки: Страница не найдена | Файл: C:\OSPanel\domains\ishop2.loc\vendor\ishop\core\Router.php | Строка: 39
=================
[2018-08-28 10:30:47] Текст ошибки: Страница не найдена | Файл: C:\OSPanel\domains\ishop2.loc\vendor\ishop\core\Router.php | Строка: 39
=================
[2018-08-28 10:30:47] Текст ошибки: Страница не найдена | Файл: C:\OSPanel\domains\ishop2.loc\vendor\ishop\core\Router.php | Строка: 39
=================
[2018-08-28 10:30:47] Текст ошибки: Страница не найдена | Файл: C:\OSPanel\domains\ishop2.loc\vendor\ishop\core\Router.php | Строка: 39
=================
[2018-08-28 10:30:47] Текст ошибки: Страница не найдена | Файл: C:\OSPanel\domains\ishop2.loc\vendor\ishop\core\Router.php | Строка: 39
=================
[2018-08-28 10:30:47] Текст ошибки: Страница не найдена | Файл: C:\OSPanel\domains\ishop2.loc\vendor\ishop\core\Router.php | Строка: 39
=================
[2018-08-28 10:30:47] Текст ошибки: Страница не найдена | Файл: C:\OSPanel\domains\ishop2.loc\vendor\ishop\core\Router.php | Строка: 39
=================
[2018-08-28 10:30:47] Текст ошибки: Страница не найдена | Файл: C:\OSPanel\domains\ishop2.loc\vendor\ishop\core\Router.php | Строка: 39
=================
[2018-08-28 10:30:47] Текст ошибки: Страница не найдена | Файл: C:\OSPanel\domains\ishop2.loc\vendor\ishop\core\Router.php | Строка: 39
=================
[2018-08-28 10:30:47] Текст ошибки: Страница не найдена | Файл: C:\OSPanel\domains\ishop2.loc\vendor\ishop\core\Router.php | Строка: 39
=================
[2018-08-28 10:30:47] Текст ошибки: Страница не найдена | Файл: C:\OSPanel\domains\ishop2.loc\vendor\ishop\core\Router.php | Строка: 39
=================
[2018-08-28 10:30:47] Текст ошибки: Страница не найдена | Файл: C:\OSPanel\domains\ishop2.loc\vendor\ishop\core\Router.php | Строка: 39
=================
[2018-08-28 10:30:47] Текст ошибки: Страница не найдена | Файл: C:\OSPanel\domains\ishop2.loc\vendor\ishop\core\Router.php | Строка: 39
=================
[2018-08-28 10:30:47] Текст ошибки: Страница не найдена | Файл: C:\OSPanel\domains\ishop2.loc\vendor\ishop\core\Router.php | Строка: 39
=================
[2018-08-28 10:30:47] Текст ошибки: Страница не найдена | Файл: C:\OSPanel\domains\ishop2.loc\vendor\ishop\core\Router.php | Строка: 39
=================
[2018-08-28 10:30:47] Текст ошибки: Страница не найдена | Файл: C:\OSPanel\domains\ishop2.loc\vendor\ishop\core\Router.php | Строка: 39
=================
[2018-08-28 10:45:08] Текст ошибки: Страница не найдена | Файл: C:\OSPanel\domains\ishop2.loc\vendor\ishop\core\Router.php | Строка: 39
=================
[2018-08-28 11:07:09] Текст ошибки: Страница не найдена | Файл: C:\OSPanel\domains\ishop2.loc\vendor\ishop\core\Router.php | Строка: 39
=================
[2018-08-28 11:08:27] Текст ошибки: Страница не найдена | Файл: C:\OSPanel\domains\ishop2.loc\vendor\ishop\core\Router.php | Строка: 39
=================
[2018-08-28 12:35:03] Текст ошибки: Страница не найдена | Файл: C:\OSPanel\domains\ishop2.loc\vendor\ishop\core\Router.php | Строка: 39
=================
[2018-08-28 12:38:59] Текст ошибки: Страница не найдена | Файл: C:\OSPanel\domains\ishop2.loc\vendor\ishop\core\Router.php | Строка: 39
=================
[2018-08-28 12:39:09] Текст ошибки: Страница не найдена | Файл: C:\OSPanel\domains\ishop2.loc\vendor\ishop\core\Router.php | Строка: 39
=================
[2018-08-28 12:39:14] Текст ошибки: Страница не найдена | Файл: C:\OSPanel\domains\ishop2.loc\vendor\ishop\core\Router.php | Строка: 39
=================
[2018-08-30 15:50:14] Текст ошибки: Нет соединения с БД | Файл: C:\OSPanel\domains\ishop2.loc\vendor\ishop\core\Db.php | Строка: 16
=================
[2018-08-30 15:50:14] Текст ошибки: Нет соединения с БД | Файл: C:\OSPanel\domains\ishop2.loc\vendor\ishop\core\Db.php | Строка: 16
=================
[2018-08-30 15:50:14] Текст ошибки: Страница не найдена | Файл: C:\OSPanel\domains\ishop2.loc\vendor\ishop\core\Router.php | Строка: 39
=================
[2018-08-30 15:52:54] Текст ошибки: Контроллер app\controllers\PageController не найден | Файл: C:\OSPanel\domains\ishop2.loc\vendor\ishop\core\Router.php | Строка: 36
=================
[2018-08-30 15:53:34] Текст ошибки: Контроллер app\controllers\PageController не найден | Файл: C:\OSPanel\domains\ishop2.loc\vendor\ishop\core\Router.php | Строка: 36
=================
[2018-08-30 15:53:41] Текст ошибки: На найден вид C:\OSPanel\domains\ishop2.loc/app/views/App/index.php | Файл: C:\OSPanel\domains\ishop2.loc\vendor\ishop\core\base\View.php | Строка: 38
=================
[2018-09-03 20:41:55] Текст ошибки: Страница не найдена | Файл: C:\OSPanel\domains\ishop2.loc\vendor\ishop\core\Router.php | Строка: 39
=================
[2018-10-01 22:28:34] Текст ошибки: Страница не найдена | Файл: C:\OSPanel\domains\ishop2.loc\vendor\ishop\core\Router.php | Строка: 39
=================
